<?xml version="1.0" encoding="UTF-8"?>
<testsuite name="ohtu.verkkokauppa.KauppaTest" tests="8" skipped="0" failures="0" errors="0" timestamp="2020-11-20T16:31:05" hostname="lx9-fuxi195" time="0.623">
  <properties/>
  <testcase name="ostoksenPaatyttyaPankinMetodiaTilisiirtoKutsutaan" classname="ohtu.verkkokauppa.KauppaTest" time="0.607"/>
  <testcase name="ostetaanKaksiEriTuotettaJaTilisiirrossaOikeatTiedot" classname="ohtu.verkkokauppa.KauppaTest" time="0.003"/>
  <testcase name="jokaiselleMaksutapahtumalleViitenumero" classname="ohtu.verkkokauppa.KauppaTest" time="0.003"/>
  <testcase name="aloitaAsiointiNollaaOstoskorin" classname="ohtu.verkkokauppa.KauppaTest" time="0.002"/>
  <testcase name="ostoksessaKutsutaanTilisiirtoaOikeillaTiedoilla" classname="ohtu.verkkokauppa.KauppaTest" time="0.002"/>
  <testcase name="ostetaanVarastostaLoppunutTuote" classname="ohtu.verkkokauppa.KauppaTest" time="0.001"/>
  <testcase name="lisataanJaPoistetaanTuotteita" classname="ohtu.verkkokauppa.KauppaTest" time="0.002"/>
  <testcase name="ostetaanKaksiSamaaTuotettaJaTilisiirrossaOikeatTiedot" classname="ohtu.verkkokauppa.KauppaTest" time="0.002"/>
  <system-out><![CDATA[]]></system-out>
  <system-err><![CDATA[]]></system-err>
</testsuite>
